2023-03-18 12:58:42: Node.js version v19.6.0 detected.
2023-03-18 12:58:42: Odd numbered Node.js versions will not enter LTS status and should not be used for production. For more information, please see https://nodejs.org/en/about/releases/.
2023-03-18 12:58:44: - Generating browser application bundles (phase: setup)...
2023-03-18 12:58:48: ✔ Browser application bundle generation complete.
2023-03-18 12:58:48: 
2023-03-18 12:58:48: Warning: /Users/hidioter/newsProject/newsApp/node_modules/@libp2p/logger/dist/src/index.js depends on 'debug'. CommonJS or AMD dependencies can cause optimization bailouts.
2023-03-18 12:58:48: For more info see: https://angular.io/guide/build#configuring-commonjs-dependencies
2023-03-18 12:58:48: 
2023-03-18 12:58:48: Warning: /Users/hidioter/newsProject/newsApp/node_modules/ipfs-core-utils/src/pins/normalise-input.js depends on 'err-code'. CommonJS or AMD dependencies can cause optimization bailouts.
2023-03-18 12:58:48: For more info see: https://angular.io/guide/build#configuring-commonjs-dependencies
2023-03-18 12:58:48: 
2023-03-18 12:58:48: Warning: /Users/hidioter/newsProject/newsApp/node_modules/ipfs-http-client/src/files/read.js depends on 'stream-to-it/source.js'. CommonJS or AMD dependencies can cause optimization bailouts.
2023-03-18 12:58:48: For more info see: https://angular.io/guide/build#configuring-commonjs-dependencies
2023-03-18 12:58:48: 
2023-03-18 12:58:48: Warning: /Users/hidioter/newsProject/newsApp/node_modules/ipfs-http-client/src/files/rm.js depends on 'ipfs-utils/src/http.js'. CommonJS or AMD dependencies can cause optimization bailouts.
2023-03-18 12:58:48: For more info see: https://angular.io/guide/build#configuring-commonjs-dependencies
2023-03-18 12:58:48: 
2023-03-18 12:58:48: Warning: /Users/hidioter/newsProject/newsApp/node_modules/ipfs-http-client/src/lib/abort-signal.js depends on 'any-signal'. CommonJS or AMD dependencies can cause optimization bailouts.
2023-03-18 12:58:48: For more info see: https://angular.io/guide/build#configuring-commonjs-dependencies
2023-03-18 12:58:48: 
2023-03-18 12:58:48: Warning: /Users/hidioter/newsProject/newsApp/src/app/services/ipfs.service.ts depends on 'buffer'. CommonJS or AMD dependencies can cause optimization bailouts.
2023-03-18 12:58:48: For more info see: https://angular.io/guide/build#configuring-commonjs-dependencies
2023-03-18 12:58:48: 
2023-03-18 12:58:48: 
